<?xml version="1.0" encoding="UTF-8"?>
<coverage generated="1539940389955" clover="3.2.0">
  <project timestamp="1539940389956" name="All files">
    <metrics statements="12" coveredstatements="12" conditionals="2" coveredconditionals="2" methods="11" coveredmethods="11" elements="25" coveredelements="25" complexity="0" loc="12" ncloc="12" packages="1" files="1" classes="1">
      <file name="hoge.js" path="/Users/asai-ta/liff-test-app/src/js/hoge.js">
        <metrics statements="12" coveredstatements="12" conditionals="2" coveredconditionals="2" methods="11" coveredmethods="11"/>
        <line num="1" count="1" type="stmt"/>
        <line num="8" count="2" type="stmt"/>
        <line num="10" count="2" type="stmt"/>
        <line num="11" count="2" type="stmt"/>
        <line num="12" count="2" type="stmt"/>
        <line num="13" count="5" type="stmt"/>
        <line num="15" count="6" type="cond" truecount="2" falsecount="0"/>
        <line num="17" count="9" type="stmt"/>
        <line num="19" count="1" type="stmt"/>
        <line num="24" count="1" type="stmt"/>
        <line num="29" count="1" type="stmt"/>
        <line num="32" count="3" type="stmt"/>
      </file>
    </metrics>
  </project>
</coverage>
