{"/Users/asai-ta/liff-test-app/src/js/hoge.js": {"path":"/Users/asai-ta/liff-test-app/src/js/hoge.js","statementMap":{"0":{"start":{"line":1,"column":23},"end":{"line":6,"column":1}},"1":{"start":{"line":8,"column":42},"end":{"line":8,"column":80}},"2":{"start":{"line":8,"column":47},"end":{"line":8,"column":80}},"3":{"start":{"line":10,"column":33},"end":{"line":10,"column":74}},"4":{"start":{"line":10,"column":38},"end":{"line":10,"column":74}},"5":{"start":{"line":11,"column":34},"end":{"line":11,"column":76}},"6":{"start":{"line":11,"column":39},"end":{"line":11,"column":76}},"7":{"start":{"line":12,"column":38},"end":{"line":12,"column":84}},"8":{"start":{"line":12,"column":43},"end":{"line":12,"column":84}},"9":{"start":{"line":13,"column":35},"end":{"line":13,"column":78}},"10":{"start":{"line":13,"column":40},"end":{"line":13,"column":78}},"11":{"start":{"line":15,"column":30},"end":{"line":15,"column":69}},"12":{"start":{"line":15,"column":35},"end":{"line":15,"column":69}},"13":{"start":{"line":15,"column":40},"end":{"line":15,"column":69}},"14":{"start":{"line":17,"column":29},"end":{"line":17,"column":86}},"15":{"start":{"line":17,"column":38},"end":{"line":17,"column":86}},"16":{"start":{"line":17,"column":43},"end":{"line":17,"column":86}},"17":{"start":{"line":17,"column":60},"end":{"line":17,"column":64}},"18":{"start":{"line":19,"column":28},"end":{"line":22,"column":2}},"19":{"start":{"line":24,"column":32},"end":{"line":27,"column":2}},"20":{"start":{"line":29,"column":29},"end":{"line":33,"column":2}},"21":{"start":{"line":32,"column":9},"end":{"line":32,"column":28}}},"fnMap":{"0":{"name":"(anonymous_0)","decl":{"start":{"line":8,"column":42},"end":{"line":8,"column":43}},"loc":{"start":{"line":8,"column":47},"end":{"line":8,"column":80}},"line":8},"1":{"name":"(anonymous_1)","decl":{"start":{"line":10,"column":33},"end":{"line":10,"column":34}},"loc":{"start":{"line":10,"column":38},"end":{"line":10,"column":74}},"line":10},"2":{"name":"(anonymous_2)","decl":{"start":{"line":11,"column":34},"end":{"line":11,"column":35}},"loc":{"start":{"line":11,"column":39},"end":{"line":11,"column":76}},"line":11},"3":{"name":"(anonymous_3)","decl":{"start":{"line":12,"column":38},"end":{"line":12,"column":39}},"loc":{"start":{"line":12,"column":43},"end":{"line":12,"column":84}},"line":12},"4":{"name":"(anonymous_4)","decl":{"start":{"line":13,"column":35},"end":{"line":13,"column":36}},"loc":{"start":{"line":13,"column":40},"end":{"line":13,"column":78}},"line":13},"5":{"name":"(anonymous_5)","decl":{"start":{"line":15,"column":30},"end":{"line":15,"column":31}},"loc":{"start":{"line":15,"column":35},"end":{"line":15,"column":69}},"line":15},"6":{"name":"(anonymous_6)","decl":{"start":{"line":15,"column":35},"end":{"line":15,"column":36}},"loc":{"start":{"line":15,"column":40},"end":{"line":15,"column":69}},"line":15},"7":{"name":"(anonymous_7)","decl":{"start":{"line":17,"column":29},"end":{"line":17,"column":30}},"loc":{"start":{"line":17,"column":38},"end":{"line":17,"column":86}},"line":17},"8":{"name":"(anonymous_8)","decl":{"start":{"line":17,"column":38},"end":{"line":17,"column":39}},"loc":{"start":{"line":17,"column":43},"end":{"line":17,"column":86}},"line":17},"9":{"name":"(anonymous_9)","decl":{"start":{"line":17,"column":55},"end":{"line":17,"column":56}},"loc":{"start":{"line":17,"column":60},"end":{"line":17,"column":64}},"line":17},"10":{"name":"(anonymous_10)","decl":{"start":{"line":32,"column":2},"end":{"line":32,"column":3}},"loc":{"start":{"line":32,"column":9},"end":{"line":32,"column":28}},"line":32}},"branchMap":{"0":{"loc":{"start":{"line":15,"column":40},"end":{"line":15,"column":69}},"type":"binary-expr","locations":[{"start":{"line":15,"column":40},"end":{"line":15,"column":53}},{"start":{"line":15,"column":57},"end":{"line":15,"column":69}}],"line":15}},"s":{"0":1,"1":1,"2":2,"3":1,"4":2,"5":1,"6":2,"7":1,"8":2,"9":1,"10":5,"11":1,"12":6,"13":6,"14":1,"15":3,"16":3,"17":9,"18":1,"19":1,"20":1,"21":3},"f":{"0":2,"1":2,"2":2,"3":2,"4":5,"5":6,"6":6,"7":3,"8":3,"9":9,"10":3},"b":{"0":[6,4]},"_coverageSchema":"332fd63041d2c1bcb487cc26dd0d5f7d97098a6c","hash":"0cabc5296dd9c918ba3599223b4b5b1c1d672a18"}
}
