TN:
SF:/Users/asai-ta/liff-test-app/src/js/hoge.js
FN:8,(anonymous_0)
FN:10,(anonymous_1)
FN:11,(anonymous_2)
FN:12,(anonymous_3)
FN:13,(anonymous_4)
FN:15,(anonymous_5)
FN:15,(anonymous_6)
FN:17,(anonymous_7)
FN:17,(anonymous_8)
FN:17,(anonymous_9)
FN:32,(anonymous_10)
FNF:11
FNH:11
FNDA:2,(anonymous_0)
FNDA:2,(anonymous_1)
FNDA:2,(anonymous_2)
FNDA:2,(anonymous_3)
FNDA:5,(anonymous_4)
FNDA:6,(anonymous_5)
FNDA:6,(anonymous_6)
FNDA:3,(anonymous_7)
FNDA:3,(anonymous_8)
FNDA:9,(anonymous_9)
FNDA:3,(anonymous_10)
DA:1,1
DA:8,2
DA:10,2
DA:11,2
DA:12,2
DA:13,5
DA:15,6
DA:17,9
DA:19,1
DA:24,1
DA:29,1
DA:32,3
LF:12
LH:12
BRDA:15,0,0,6
BRDA:15,0,1,4
BRF:2
BRH:2
end_of_record
